Watching for file changes with StatReloader
Internal Server Error: /api/card/booster/
Traceback (most recent call last):
  File "/home/skengrek/project/BoosterOpenning/venv/lib/python3.8/site-packages/django/core/handlers/exception.py", line 55, in inner
    response = get_response(request)
  File "/home/skengrek/project/BoosterOpenning/venv/lib/python3.8/site-packages/django/core/handlers/base.py", line 197, in _get_response
    response = wrapped_callback(request, *callback_args, **callback_kwargs)
  File "/home/skengrek/project/BoosterOpenning/backend/cards/views.py", line 78, in booster
    card_in_booster.append(commons[randint(0, nb_common - 1)])
  File "/usr/lib/python3.8/random.py", line 248, in randint
    return self.randrange(a, b+1)
  File "/usr/lib/python3.8/random.py", line 226, in randrange
    raise ValueError("empty range for randrange() (%d, %d, %d)" % (istart, istop, width))
ValueError: empty range for randrange() (0, 0, 0)
[17/Jan/2023 20:31:42] "GET /api/card/booster/ HTTP/1.1" 500 70844
Internal Server Error: /api/card/booster/
Traceback (most recent call last):
  File "/home/skengrek/project/BoosterOpenning/venv/lib/python3.8/site-packages/django/core/handlers/exception.py", line 55, in inner
    response = get_response(request)
  File "/home/skengrek/project/BoosterOpenning/venv/lib/python3.8/site-packages/django/core/handlers/base.py", line 197, in _get_response
    response = wrapped_callback(request, *callback_args, **callback_kwargs)
  File "/home/skengrek/project/BoosterOpenning/backend/cards/views.py", line 99, in booster
    booster = Booster.objects.get(name="Silver Tempest")
  File "/home/skengrek/project/BoosterOpenning/venv/lib/python3.8/site-packages/django/db/models/manager.py", line 85, in manager_method
    return getattr(self.get_queryset(), name)(*args, **kwargs)
  File "/home/skengrek/project/BoosterOpenning/venv/lib/python3.8/site-packages/django/db/models/query.py", line 650, in get
    raise self.model.DoesNotExist(
cards.models.Booster.DoesNotExist: Booster matching query does not exist.
[17/Jan/2023 20:34:07] "GET /api/card/booster/ HTTP/1.1" 500 76146
[17/Jan/2023 20:35:05] "GET /admin HTTP/1.1" 301 0
[17/Jan/2023 20:35:05] "GET /admin/ HTTP/1.1" 302 0
[17/Jan/2023 20:35:05] "GET /admin/login/?next=/admin/ HTTP/1.1" 200 2218
[17/Jan/2023 20:35:05] "GET /static/admin/css/base.css HTTP/1.1" 200 20344
[17/Jan/2023 20:35:05] "GET /static/admin/js/nav_sidebar.js HTTP/1.1" 200 3763
[17/Jan/2023 20:35:05] "GET /static/admin/css/dark_mode.css HTTP/1.1" 200 796
[17/Jan/2023 20:35:05] "GET /static/admin/css/nav_sidebar.css HTTP/1.1" 200 2619
[17/Jan/2023 20:35:05] "GET /static/admin/css/login.css HTTP/1.1" 200 958
[17/Jan/2023 20:35:05] "GET /static/admin/css/responsive.css HTTP/1.1" 200 18854
[17/Jan/2023 20:35:05] "GET /static/admin/css/fonts.css HTTP/1.1" 200 423
[17/Jan/2023 20:35:05] "GET /static/admin/fonts/Roboto-Regular-webfont.woff HTTP/1.1" 200 85876
[17/Jan/2023 20:35:05] "GET /static/admin/fonts/Roboto-Light-webfont.woff HTTP/1.1" 200 85692
Not Found: /favicon.ico
[17/Jan/2023 20:35:05] "GET /favicon.ico HTTP/1.1" 404 2858
[17/Jan/2023 20:36:04] "POST /admin/login/?next=/admin/ HTTP/1.1" 302 0
[17/Jan/2023 20:36:04] "GET /admin/ HTTP/1.1" 200 4861
[17/Jan/2023 20:36:04] "GET /static/admin/css/dashboard.css HTTP/1.1" 200 380
[17/Jan/2023 20:36:04] "GET /static/admin/img/icon-addlink.svg HTTP/1.1" 200 331
[17/Jan/2023 20:36:04] "GET /static/admin/img/icon-changelink.svg HTTP/1.1" 200 380
[17/Jan/2023 20:36:04] "GET /static/admin/fonts/Roboto-Bold-webfont.woff HTTP/1.1" 200 86184
[17/Jan/2023 20:36:06] "GET /admin/cards/booster/add/ HTTP/1.1" 200 6999
[17/Jan/2023 20:36:06] "GET /static/admin/js/core.js HTTP/1.1" 200 5698
[17/Jan/2023 20:36:06] "GET /static/admin/js/jquery.init.js HTTP/1.1" 200 347
[17/Jan/2023 20:36:06] "GET /static/admin/js/admin/RelatedObjectLookups.js HTTP/1.1" 200 8985
[17/Jan/2023 20:36:06] "GET /static/admin/css/forms.css HTTP/1.1" 200 8944
[17/Jan/2023 20:36:06] "GET /static/admin/js/urlify.js HTTP/1.1" 200 7902
[17/Jan/2023 20:36:06] "GET /static/admin/js/actions.js HTTP/1.1" 200 7872
[17/Jan/2023 20:36:06] "GET /static/admin/js/prepopulate.js HTTP/1.1" 200 1531
[17/Jan/2023 20:36:06] "GET /static/admin/js/change_form.js HTTP/1.1" 200 606
[17/Jan/2023 20:36:06] "GET /static/admin/js/prepopulate_init.js HTTP/1.1" 200 586
[17/Jan/2023 20:36:06] "GET /static/admin/css/widgets.css HTTP/1.1" 200 11297
[17/Jan/2023 20:36:06] "GET /admin/jsi18n/ HTTP/1.1" 200 3343
[17/Jan/2023 20:36:06] "GET /static/admin/js/vendor/jquery/jquery.js HTTP/1.1" 200 288580
[17/Jan/2023 20:36:06] "GET /static/admin/js/vendor/xregexp/xregexp.js HTTP/1.1" 200 232381
[17/Jan/2023 20:36:19] "POST /admin/cards/booster/add/ HTTP/1.1" 302 0
[17/Jan/2023 20:36:19] "GET /admin/cards/booster/ HTTP/1.1" 200 7263
[17/Jan/2023 20:36:19] "GET /static/admin/css/changelists.css HTTP/1.1" 200 6395
[17/Jan/2023 20:36:19] "GET /static/admin/js/filters.js HTTP/1.1" 200 966
[17/Jan/2023 20:36:19] "GET /admin/jsi18n/ HTTP/1.1" 200 3343
[17/Jan/2023 20:36:19] "GET /static/admin/img/tooltag-add.svg HTTP/1.1" 200 331
[17/Jan/2023 20:36:19] "GET /static/admin/img/icon-yes.svg HTTP/1.1" 200 436
/home/skengrek/project/BoosterOpenning/backend/cards/views.py changed, reloading.
Performing system checks...

System check identified no issues (0 silenced).
January 17, 2023 - 20:04:21
Django version 4.1.3, using settings 'backend.settings'
Starting development server at http://127.0.0.1:8000/
Quit the server with CONTROL-C.
Watching for file changes with StatReloader
[17/Jan/2023 20:36:58] "GET /admin/cards/booster/1/change/ HTTP/1.1" 200 7457
[17/Jan/2023 20:36:58] "GET /admin/jsi18n/ HTTP/1.1" 200 3343
/home/skengrek/project/BoosterOpenning/backend/cards/views.py changed, reloading.
Performing system checks...

System check identified no issues (0 silenced).
January 17, 2023 - 20:36:55
Django version 4.1.3, using settings 'backend.settings'
Starting development server at http://127.0.0.1:8000/
Quit the server with CONTROL-C.
Watching for file changes with StatReloader
[17/Jan/2023 20:37:16] "GET /api/card/booster/ HTTP/1.1" 200 1928
[17/Jan/2023 20:37:16] "GET /media/images/boosters/a4-pokemon-noir-blanc-booster-cover.jpeg HTTP/1.1" 200 24728
[17/Jan/2023 20:37:51] "GET /media/images/small/Ferroseed_small_fp7pdOv.png HTTP/1.1" 200 160600
[17/Jan/2023 20:37:51] "GET /media/images/small/Ralts_small_VAHbDMy.png HTTP/1.1" 200 158284
[17/Jan/2023 20:37:51] "GET /media/images/small/Rotom_small_u6nxirF.png HTTP/1.1" 200 132346
[17/Jan/2023 20:37:51] "GET /media/images/small/Foongus_small_2MMw0iw.png HTTP/1.1" 200 141237
[17/Jan/2023 20:37:51] "GET /media/images/small/Dedenne_small_PIVpa6o.png HTTP/1.1" 200 158635
[17/Jan/2023 20:37:51] "GET /media/images/small/Litten_small_IJlkIm7.png HTTP/1.1" 200 154086
[17/Jan/2023 20:37:51] "GET /media/images/small/Froslass_small_NH36VAZ.png HTTP/1.1" 200 172488
[17/Jan/2023 20:37:51] "GET /media/images/small/Hawlucha_small_wh0Sxq2.png HTTP/1.1" 200 163248
[17/Jan/2023 20:37:51] "GET /media/images/small/Toxicroak_small_i5DYwVG.png HTTP/1.1" 200 172801
[17/Jan/2023 20:37:51] "GET /media/images/small/Stonjourner_small_gLTrpf9.png HTTP/1.1" 200 157366
[17/Jan/2023 20:38:21] "GET /api/card/booster/ HTTP/1.1" 200 1931
[17/Jan/2023 20:38:22] "GET /media/images/small/Fennekin_small_l9phwuC.png HTTP/1.1" 200 155701
[17/Jan/2023 20:38:22] "GET /media/images/small/Misdreavus_small_S6O5cvS.png HTTP/1.1" 200 147812
[17/Jan/2023 20:38:22] "GET /media/images/small/Sandile_small_cHCWh4T.png HTTP/1.1" 200 162265
[17/Jan/2023 20:38:22] "GET /media/images/small/Vulpix_small_f4Q3kxC.png HTTP/1.1" 200 147643
[17/Jan/2023 20:38:22] "GET /media/images/small/Toxapex_small_R9qaRMe.png HTTP/1.1" 200 176031
[17/Jan/2023 20:38:22] "GET /media/images/small/Dragonair_small_R0fXtLq.png HTTP/1.1" 200 160747
[17/Jan/2023 20:38:22] "GET /media/images/small/Snorunt_small_FcoXgek.png HTTP/1.1" 200 152682
[17/Jan/2023 20:38:22] "GET /media/images/small/Dewpider_small_26czi7k.png HTTP/1.1" 200 162319
[17/Jan/2023 20:38:22] "GET /media/images/small/Delphox_small_Zmjc5a8.png HTTP/1.1" 200 169150
[17/Jan/2023 20:38:25] "GET /api/card/booster/ HTTP/1.1" 200 1941
[17/Jan/2023 20:38:26] "GET /media/images/small/Baltoy_small_ZiItZOv.png HTTP/1.1" 200 152187
[17/Jan/2023 20:38:26] "GET /media/images/small/Ponyta_small_GLKy8Ax.png HTTP/1.1" 200 154984
[17/Jan/2023 20:38:26] "GET /media/images/small/Raichu_small_dQkP41y.png HTTP/1.1" 200 135578
[17/Jan/2023 20:38:26] "GET /media/images/small/Swablu_small_8qFyAaW.png HTTP/1.1" 200 146395
[17/Jan/2023 20:38:26] "GET /media/images/small/Emergency_Jelly_small_3o8eyxe.png HTTP/1.1" 200 141565
[17/Jan/2023 20:38:26] "GET /media/images/small/Armaldo_small_gVe5Ebs.png HTTP/1.1" 200 169660
[17/Jan/2023 20:38:26] "GET /media/images/small/Stunfisk_small_NIu2hlp.png HTTP/1.1" 200 166576
[17/Jan/2023 20:38:26] "GET /media/images/small/Serena_small_bSU2F2L.png HTTP/1.1" 200 145940
[17/Jan/2023 20:40:22] "GET /api/card/booster/ HTTP/1.1" 200 1925
[17/Jan/2023 20:40:23] "GET /media/images/small/Hawlucha_small_wh0Sxq2.png HTTP/1.1" 200 163248
[17/Jan/2023 20:40:23] "GET /media/images/small/Dewpider_small_26czi7k.png HTTP/1.1" 304 0
[17/Jan/2023 20:40:23] "GET /media/images/small/Fennekin_small_l9phwuC.png HTTP/1.1" 200 155701
[17/Jan/2023 20:40:23] "GET /media/images/small/Venomoth_small_08xuEwl.png HTTP/1.1" 200 156734
[17/Jan/2023 20:40:23] "GET /media/images/small/Sunflora_small_REdQdlI.png HTTP/1.1" 200 156793
[17/Jan/2023 20:40:23] "GET /media/images/small/Ralts_small_VAHbDMy.png HTTP/1.1" 200 158284
[17/Jan/2023 20:40:23] "GET /media/images/small/Dreepy_small_CFw6riu.png HTTP/1.1" 200 167883
[17/Jan/2023 20:40:23] "GET /media/images/small/Arcanine_small_7SuXRCM.png HTTP/1.1" 200 159942
[17/Jan/2023 20:40:23] "GET /media/images/small/Wallace_small_TXAZXLl.png HTTP/1.1" 200 128989
[17/Jan/2023 20:40:28] "GET /api/card/booster/ HTTP/1.1" 200 1998
[17/Jan/2023 20:40:29] "GET /media/images/small/Indeedee_small_waCyCZb.png HTTP/1.1" 200 160253
[17/Jan/2023 20:40:29] "GET /media/images/small/Foongus_small_2MMw0iw.png HTTP/1.1" 200 141237
[17/Jan/2023 20:40:29] "GET /media/images/small/Pikachu_small_sfS7FMn.png HTTP/1.1" 200 146243
[17/Jan/2023 20:40:29] "GET /media/images/small/Talonflame_small_U89RdEg.png HTTP/1.1" 200 167213
[17/Jan/2023 20:40:29] "GET /media/images/small/Leafy_Camo_Poncho_small_KsSMpmI.png HTTP/1.1" 200 136767
[17/Jan/2023 20:40:29] "GET /media/images/small/Dratini_small_318OXEy.png HTTP/1.1" 200 149106
[17/Jan/2023 20:40:29] "GET /media/images/small/Unidentified_Fossil_small_xsp48JM.png HTTP/1.1" 200 135640
[17/Jan/2023 20:40:29] "GET /media/images/small/Buneary_small_lLc65Ob.png HTTP/1.1" 200 161310
[17/Jan/2023 20:40:29] "GET /media/images/small/Beheeyem_small_BO4bg5I.png HTTP/1.1" 200 178398
[17/Jan/2023 20:40:30] "GET /api/card/booster/ HTTP/1.1" 200 1965
[17/Jan/2023 20:40:31] "GET /media/images/small/Beldum_small_Z7aBa3K.png HTTP/1.1" 200 173400
[17/Jan/2023 20:40:31] "GET /media/images/small/Spinarak_small_TxRzL0l.png HTTP/1.1" 200 149207
[17/Jan/2023 20:40:31] "GET /media/images/small/Feebas_small_GNpCj7E.png HTTP/1.1" 200 166739
[17/Jan/2023 20:40:31] "GET /media/images/small/Victini_small_QGZyc7A.png HTTP/1.1" 200 162864
[17/Jan/2023 20:40:31] "GET /media/images/small/Araquanid_small_KLerRZA.png HTTP/1.1" 200 178421
[17/Jan/2023 20:40:31] "GET /media/images/small/Regenerative_Energy_small_VmhUNiM.png HTTP/1.1" 200 141949
[17/Jan/2023 20:40:31] "GET /media/images/small/Vulpix_small_f4Q3kxC.png HTTP/1.1" 200 147643
[17/Jan/2023 20:40:31] "GET /media/images/small/Fletchinder_small_Y1b0MdX.png HTTP/1.1" 200 167447
[17/Jan/2023 20:42:11] "GET /api/card/booster/ HTTP/1.1" 200 1919
[17/Jan/2023 20:42:19] "GET /api/card/booster/ HTTP/1.1" 200 1921
[17/Jan/2023 20:42:19] "GET /media/images/boosters/a4-pokemon-noir-blanc-booster-cover.jpeg HTTP/1.1" 200 24728
[17/Jan/2023 20:42:19] "GET /media/images/small/Zubat_small_ijOYNhY.png HTTP/1.1" 200 169573
[17/Jan/2023 20:42:19] "GET /media/images/small/Dreepy_small_CFw6riu.png HTTP/1.1" 200 167883
[17/Jan/2023 20:42:19] "GET /media/images/small/Venomoth_small_08xuEwl.png HTTP/1.1" 304 0
[17/Jan/2023 20:42:19] "GET /media/images/small/Beheeyem_small_BO4bg5I.png HTTP/1.1" 304 0
[17/Jan/2023 20:42:19] "GET /media/images/small/Talonflame_small_U89RdEg.png HTTP/1.1" 304 0
[17/Jan/2023 20:42:19] "GET /media/images/small/Vulpix_small_f4Q3kxC.png HTTP/1.1" 200 147643
[17/Jan/2023 20:42:19] "GET /media/images/small/Sigilyph_small_1531mMP.png HTTP/1.1" 200 162412
[17/Jan/2023 20:42:19] "GET /media/images/small/Mareanie_small_FQFqE67.png HTTP/1.1" 200 165759
[17/Jan/2023 20:42:19] "GET /media/images/small/Sandygast_small_nc7CmYZ.png HTTP/1.1" 200 155169
[17/Jan/2023 20:42:19] "GET /media/images/small/Klink_small_7UB4D5w.png HTTP/1.1" 200 165627
[17/Jan/2023 20:42:40] "GET /api/card/booster/ HTTP/1.1" 200 1931
[17/Jan/2023 20:45:09] "GET /media/images/small/Espurr_small_XQpIUOf.png HTTP/1.1" 200 144475
[17/Jan/2023 20:45:09] "GET /media/images/small/Baltoy_small_ZiItZOv.png HTTP/1.1" 304 0
[17/Jan/2023 20:45:09] "GET /media/images/small/Snorunt_small_FcoXgek.png HTTP/1.1" 304 0
[17/Jan/2023 20:45:09] "GET /media/images/small/Sandile_small_cHCWh4T.png HTTP/1.1" 304 0
[17/Jan/2023 20:45:09] "GET /media/images/small/Wailmer_small_JIKX8fL.png HTTP/1.1" 200 168302
[17/Jan/2023 20:45:09] "GET /media/images/small/Meditite_small_4gmLycU.png HTTP/1.1" 200 156732
[17/Jan/2023 20:45:09] "GET /media/images/small/Klinklang_small_2DMGwPi.png HTTP/1.1" 200 164839
[17/Jan/2023 20:45:09] "GET /media/images/small/Meowstic_small_pbApKsi.png HTTP/1.1" 200 165034
[17/Jan/2023 20:45:09] "GET /media/images/small/Ferrothorn_small_LpfyGc5.png HTTP/1.1" 200 175602
[17/Jan/2023 20:45:25] "GET /api/card/booster/ HTTP/1.1" 200 1945
[17/Jan/2023 20:45:37] "GET /media/images/small/Ponyta_small_GLKy8Ax.png HTTP/1.1" 304 0
[17/Jan/2023 20:45:37] "GET /media/images/small/Phanpy_small_eb9puKe.png HTTP/1.1" 200 159087
[17/Jan/2023 20:45:37] "GET /media/images/small/Buneary_small_lLc65Ob.png HTTP/1.1" 200 161310
[17/Jan/2023 20:45:37] "GET /media/images/small/Togedemaru_small_dg6Jxd3.png HTTP/1.1" 200 171606
[17/Jan/2023 20:45:37] "GET /media/images/small/Furisode_Girl_small_n4o7GSA.png HTTP/1.1" 200 132710
[17/Jan/2023 20:45:37] "GET /media/images/small/Ho-Oh_V_small_x0quhkb.png HTTP/1.1" 200 205369
[17/Jan/2023 20:45:37] "GET /media/images/small/Metang_small_v44SHjK.png HTTP/1.1" 200 173244
[17/Jan/2023 20:45:55] "GET /api/card/booster/ HTTP/1.1" 200 1944
[17/Jan/2023 20:45:57] "GET /media/images/large/Noibat_large_svOJuoH.png HTTP/1.1" 200 666243
[17/Jan/2023 20:45:57] "GET /media/images/large/Fennekin_large_E0Csiu0.png HTTP/1.1" 200 668521
[17/Jan/2023 20:45:57] "GET /media/images/large/Capturing_Aroma_large_5H93XJc.png HTTP/1.1" 200 351102
[17/Jan/2023 20:45:57] "GET /media/images/large/Candice_large_uB71Xq8.png HTTP/1.1" 200 327878
[17/Jan/2023 20:45:57] "GET /media/images/large/Klink_large_UbxKHfG.png HTTP/1.1" 200 664201
[17/Jan/2023 20:45:57] "GET /media/images/large/Chimecho_large_pWvRRfi.png HTTP/1.1" 200 653748
[17/Jan/2023 20:45:57] "GET /media/images/large/Lopunny_large_jiV9F4B.png HTTP/1.1" 200 634358
[17/Jan/2023 20:45:57] "GET /media/images/large/Araquanid_large_c4K2qVf.png HTTP/1.1" 200 685041
[17/Jan/2023 20:45:57] "GET /media/images/large/Durant_large_sm6d4Qu.png HTTP/1.1" 200 611876
[17/Jan/2023 20:45:57] "GET /media/images/large/Phanpy_large_9S8huve.png HTTP/1.1" 200 744662
[17/Jan/2023 20:46:45] "GET /api/card/booster/ HTTP/1.1" 200 1986
[17/Jan/2023 20:46:46] "GET /media/images/small/Dewpider_small_26czi7k.png HTTP/1.1" 200 162319
[17/Jan/2023 20:46:46] "GET /media/images/small/Leafy_Camo_Poncho_small_KsSMpmI.png HTTP/1.1" 304 0
[17/Jan/2023 20:46:46] "GET /media/images/small/Anorith_small_2MenZ28.png HTTP/1.1" 200 159823
[17/Jan/2023 20:46:46] "GET /media/images/small/Stunfisk_small_NIu2hlp.png HTTP/1.1" 200 166576
[17/Jan/2023 20:46:46] "GET /media/images/small/Ninetales_small_fkNxLDe.png HTTP/1.1" 200 158038
[17/Jan/2023 20:46:46] "GET /media/images/small/Serperior_VSTAR_small_bWNY5jk.png HTTP/1.1" 200 187219
